0 silly input [ 'test' ]
1 silly flags { _: [ 'run' ],
1 silly flags   'reject-cycles': false,
1 silly flags   rejectCycles: false,
1 silly flags   script: 'test',
1 silly flags   args: [] }
2 verbose rootPath /Users/naver/Documents/workspace/cryptobalance
3 info version 2.11.0
4 silly existsSync /Users/naver/Documents/workspace/cryptobalance/VERSION
5 silly initialize attempt
6 silly initialize success
7 silly execute attempt
8 silly runScriptInDir test [] exchanges
9 silly getExecOpts { cwd: '/Users/naver/Documents/workspace/cryptobalance/packages/exchanges' }
10 error test Errored while running script in '@cryptobalance/exchanges'
11 error execute callback with error
12 error Error: Command failed: npm run test
12 error /Users/naver/Documents/workspace/cryptobalance/packages/exchanges/lib/@cryptobalance/exchanges.js:4299
12 error 	     */C.HmacSHA512=Hasher._createHmacHelper(SHA512);})();return CryptoJS.SHA512;});/***/},/* 165 *//***/function(module,exports,__webpack_require__){"use strict";Object.defineProperty(exports,"__esModule",{value:true});exports.getSummary=exports.wallets=exports.exchanges=undefined;var _slicedToArray=function(){function sliceIterator(arr,i){var _arr=[];var _n=true;var _d=false;var _e=undefined;try{for(var _i=arr[Symbol.iterator](),_s;!(_n=(_s=_i.next()).done);_n=true){_arr.push(_s.value);if(i&&_arr.length===i)break;}}catch(err){_d=true;_e=err;}finally{try{if(!_n&&_i["return"])_i["return"]();}finally{if(_d)throw _e;}}return _arr;}return function(arr,i){if(Array.isArray(arr)){return arr;}else if(Symbol.iterator in Object(arr)){return sliceIterator(arr,i);}else{throw new TypeError("Invalid attempt to destructure non-iterable instance");}};}();var getSummary=exports.getSummary=function(){var _ref=_asyncToGene
12 error
12 error ReferenceError: regeneratorRuntime is not defined
12 error     at /Users/naver/Documents/workspace/cryptobalance/packages/exchanges/lib/@cryptobalance/exchanges.js:35809:46
12 error     at Object.defineProperty.value (/Users/naver/Documents/workspace/cryptobalance/packages/exchanges/lib/@cryptobalance/exchanges.js:35808:39)
12 error     at __webpack_require__ (/Users/naver/Documents/workspace/cryptobalance/packages/exchanges/lib/@cryptobalance/exchanges.js:30:30)
12 error     at /Users/naver/Documents/workspace/cryptobalance/packages/exchanges/lib/@cryptobalance/exchanges.js:73:18
12 error     at /Users/naver/Documents/workspace/cryptobalance/packages/exchanges/lib/@cryptobalance/exchanges.js:11:17
12 error     at webpackUniversalModuleDefinition (/Users/naver/Documents/workspace/cryptobalance/packages/exchanges/lib/@cryptobalance/exchanges.js:3:20)
12 error     at Object.<anonymous> (/Users/naver/Documents/workspace/cryptobalance/packages/exchanges/lib/@cryptobalance/exchanges.js:1:1)
12 error     at Module._compile (module.js:635:30)
12 error     at loader (/Users/naver/Documents/workspace/cryptobalance/packages/exchanges/node_modules/babel-register/lib/node.js:144:5)
12 error     at Object.require.extensions.(anonymous function) [as .js] (/Users/naver/Documents/workspace/cryptobalance/packages/exchanges/node_modules/babel-register/lib/node.js:154:7)
12 error     at Module.load (module.js:554:32)
12 error     at tryModuleLoad (module.js:497:12)
12 error     at Function.Module._load (module.js:489:3)
12 error     at Module.require (module.js:579:17)
12 error     at require (internal/module.js:11:18)
12 error     at Object.<anonymous> (/Users/naver/Documents/workspace/cryptobalance/packages/exchanges/test/exchanges.spec.js:4:1)
12 error     at Module._compile (module.js:635:30)
12 error     at loader (/Users/naver/Documents/workspace/cryptobalance/packages/exchanges/node_modules/babel-register/lib/node.js:144:5)
12 error     at Object.require.extensions.(anonymous function) [as .js] (/Users/naver/Documents/workspace/cryptobalance/packages/exchanges/node_modules/babel-register/lib/node.js:154:7)
12 error     at Module.load (module.js:554:32)
12 error     at tryModuleLoad (module.js:497:12)
12 error     at Function.Module._load (module.js:489:3)
12 error     at Module.require (module.js:579:17)
12 error     at require (internal/module.js:11:18)
12 error     at /Users/naver/Documents/workspace/cryptobalance/packages/exchanges/node_modules/mocha/lib/mocha.js:231:27
12 error     at Array.forEach (<anonymous>)
12 error     at Mocha.loadFiles (/Users/naver/Documents/workspace/cryptobalance/packages/exchanges/node_modules/mocha/lib/mocha.js:228:14)
12 error     at Mocha.run (/Users/naver/Documents/workspace/cryptobalance/packages/exchanges/node_modules/mocha/lib/mocha.js:536:10)
12 error     at Object.<anonymous> (/Users/naver/Documents/workspace/cryptobalance/packages/exchanges/node_modules/mocha/bin/_mocha:573:18)
12 error     at Module._compile (module.js:635:30)
12 error     at Object.Module._extensions..js (module.js:646:10)
12 error     at Module.load (module.js:554:32)
12 error     at tryModuleLoad (module.js:497:12)
12 error     at Function.Module._load (module.js:489:3)
12 error     at Function.Module.runMain (module.js:676:10)
12 error     at startup (bootstrap_node.js:187:16)
12 error     at bootstrap_node.js:608:3
12 error npm ERR! code ELIFECYCLE
12 error npm ERR! errno 1
12 error npm ERR! @cryptobalance/exchanges@0.1.0 test: `mocha --require babel-core/register --colors ./test/*.spec.js`
12 error npm ERR! Exit status 1
12 error npm ERR!
12 error npm ERR! Failed at the @cryptobalance/exchanges@0.1.0 test script.
12 error npm ERR! This is probably not a problem with npm. There is likely additional logging output above.
12 error
12 error npm ERR! A complete log of this run can be found in:
12 error npm ERR!     /Users/naver/.npm/_logs/2018-06-04T13_45_05_193Z-debug.log
12 error
12 error > @cryptobalance/exchanges@0.1.0 test /Users/naver/Documents/workspace/cryptobalance/packages/exchanges
12 error > mocha --require babel-core/register --colors ./test/*.spec.js
12 error
12 error
12 error     at Promise.all.then.arr (/Users/naver/.nvm/versions/node/v8.9.1/lib/node_modules/lerna/node_modules/execa/index.js:236:11)
12 error     at <anonymous>
